<?xml version="1.0" encoding="UTF-8"?>
<!-- Generated by org.testng.reporters.JUnitXMLReporter -->
<testsuite ignored="0" hostname="DESKTOP-NPH1CKP" failures="0" tests="10" name="Surefire test" time="0.273" errors="0" timestamp="2023-05-01T16:37:25 CEST">
  <testcase classname="fr.univavignon.pokedex.api.IPokedexFactoryTest" name="createPokedex on createPokedex(fr.univavignon.pokedex.api.IPokedexFactoryTest)" time="0.042"/>
  <testcase classname="fr.univavignon.pokedex.api.IPokedexTest" name="getPokemons on getPokemons(fr.univavignon.pokedex.api.IPokedexTest)" time="0.003"/>
  <testcase classname="fr.univavignon.pokedex.api.IPokedexTest" name="size on size(fr.univavignon.pokedex.api.IPokedexTest)" time="0.003"/>
  <testcase classname="fr.univavignon.pokedex.api.IPokedexTest" name="getPokemon on getPokemon(fr.univavignon.pokedex.api.IPokedexTest)" time="0.005"/>
  <testcase classname="fr.univavignon.pokedex.api.IPokedexTest" name="addPokemon on addPokemon(fr.univavignon.pokedex.api.IPokedexTest)" time="0.005"/>
  <testcase classname="fr.univavignon.pokedex.api.IPokemonFactoryTest" name="createPokemon133 on createPokemon133(fr.univavignon.pokedex.api.IPokemonFactoryTest)" time="0.002"/>
  <testcase classname="fr.univavignon.pokedex.api.IPokemonFactoryTest" name="createPokemon on createPokemon(fr.univavignon.pokedex.api.IPokemonFactoryTest)" time="0.004"/>
  <testcase classname="fr.univavignon.pokedex.api.IPokemonMetadataProviderTest" name="getPokemonMetadata on getPokemonMetadata(fr.univavignon.pokedex.api.IPokemonMetadataProviderTest)" time="0.002"/>
  <testcase classname="fr.univavignon.pokedex.api.IPokemonMetadataProviderTest" name="getPokemonMetadata2 on getPokemonMetadata2(fr.univavignon.pokedex.api.IPokemonMetadataProviderTest)" time="0.003"/>
  <testcase classname="fr.univavignon.pokedex.api.IPokemonTrainerFactoryTest" name="createTrainer on createTrainer(fr.univavignon.pokedex.api.IPokemonTrainerFactoryTest)" time="0.004"/>
</testsuite> <!-- Surefire test -->
