<?xml version="1.0" encoding="UTF-8"?>
<testng-results ignored="0" total="10" passed="10" failed="0" skipped="0">
  <reporter-output>
  </reporter-output>
  <suite started-at="2023-05-01T16:37:25 CEST" name="Surefire suite" finished-at="2023-05-01T16:37:25 CEST" duration-ms="273">
    <groups>
    </groups>
    <test started-at="2023-05-01T16:37:25 CEST" name="Surefire test" finished-at="2023-05-01T16:37:25 CEST" duration-ms="273">
      <class name="fr.univavignon.pokedex.api.IPokemonFactoryTest">
        <test-method signature="createPokemon()" started-at="2023-05-01T16:37:25 CEST" name="createPokemon" finished-at="2023-05-01T16:37:25 CEST" duration-ms="4" status="PASS">
          <reporter-output>
          </reporter-output>
        </test-method> <!-- createPokemon -->
        <test-method signature="createPokemon133()" started-at="2023-05-01T16:37:25 CEST" name="createPokemon133" finished-at="2023-05-01T16:37:25 CEST" duration-ms="2" status="PASS">
          <reporter-output>
          </reporter-output>
        </test-method> <!-- createPokemon133 -->
      </class> <!-- fr.univavignon.pokedex.api.IPokemonFactoryTest -->
      <class name="fr.univavignon.pokedex.api.IPokedexTest">
        <test-method signature="getPokemons() throws fr.univavignon.pokedex.api.PokedexException" started-at="2023-05-01T16:37:25 CEST" name="getPokemons" finished-at="2023-05-01T16:37:25 CEST" duration-ms="3" status="PASS">
          <reporter-output>
          </reporter-output>
        </test-method> <!-- getPokemons -->
        <test-method signature="size()" started-at="2023-05-01T16:37:25 CEST" name="size" finished-at="2023-05-01T16:37:25 CEST" duration-ms="3" status="PASS">
          <reporter-output>
          </reporter-output>
        </test-method> <!-- size -->
        <test-method signature="getPokemon() throws fr.univavignon.pokedex.api.PokedexException" started-at="2023-05-01T16:37:25 CEST" name="getPokemon" finished-at="2023-05-01T16:37:25 CEST" duration-ms="5" status="PASS">
          <reporter-output>
          </reporter-output>
        </test-method> <!-- getPokemon -->
        <test-method signature="addPokemon()" started-at="2023-05-01T16:37:25 CEST" name="addPokemon" finished-at="2023-05-01T16:37:25 CEST" duration-ms="5" status="PASS">
          <reporter-output>
          </reporter-output>
        </test-method> <!-- addPokemon -->
      </class> <!-- fr.univavignon.pokedex.api.IPokedexTest -->
      <class name="fr.univavignon.pokedex.api.IPokemonMetadataProviderTest">
        <test-method signature="getPokemonMetadata() throws fr.univavignon.pokedex.api.PokedexException" started-at="2023-05-01T16:37:25 CEST" name="getPokemonMetadata" finished-at="2023-05-01T16:37:25 CEST" duration-ms="2" status="PASS">
          <reporter-output>
          </reporter-output>
        </test-method> <!-- getPokemonMetadata -->
        <test-method signature="getPokemonMetadata2() throws fr.univavignon.pokedex.api.PokedexException" started-at="2023-05-01T16:37:25 CEST" name="getPokemonMetadata2" finished-at="2023-05-01T16:37:25 CEST" duration-ms="3" status="PASS">
          <reporter-output>
          </reporter-output>
        </test-method> <!-- getPokemonMetadata2 -->
      </class> <!-- fr.univavignon.pokedex.api.IPokemonMetadataProviderTest -->
      <class name="fr.univavignon.pokedex.api.IPokemonTrainerFactoryTest">
        <test-method signature="createTrainer()" started-at="2023-05-01T16:37:25 CEST" name="createTrainer" finished-at="2023-05-01T16:37:25 CEST" duration-ms="4" status="PASS">
          <reporter-output>
          </reporter-output>
        </test-method> <!-- createTrainer -->
      </class> <!-- fr.univavignon.pokedex.api.IPokemonTrainerFactoryTest -->
      <class name="fr.univavignon.pokedex.api.IPokedexFactoryTest">
        <test-method signature="createPokedex() throws fr.univavignon.pokedex.api.PokedexException" started-at="2023-05-01T16:37:25 CEST" name="createPokedex" finished-at="2023-05-01T16:37:25 CEST" duration-ms="42" status="PASS">
          <reporter-output>
          </reporter-output>
        </test-method> <!-- createPokedex -->
      </class> <!-- fr.univavignon.pokedex.api.IPokedexFactoryTest -->
    </test> <!-- Surefire test -->
  </suite> <!-- Surefire suite -->
</testng-results>
